<?xml version="1.0" encoding="utf-8"?><testsuites name="pytest tests"><testsuite name="pytest" errors="0" failures="0" skipped="0" tests="22" time="0.124" timestamp="2026-08-29T07:05:31.825864+06:00" hostname="Rainbows-MacBook-Pro.local"><testcase classname="tests.test_threshold_kem" name="test_threshold_partials_open_encrypted_record" time="0.012" /><testcase classname="tests.test_threshold_kem" name="test_fewer_than_threshold_valid_partials_cannot_open_record" time="0.009" /><testcase classname="tests.test_threshold_kem" name="test_invalid_partial_is_excluded_before_threshold_counting" time="0.011" /><testcase classname="tests.test_dleq" name="test_valid_dleq_proof_verifies_and_is_context_bound" time="0.002" /><testcase classname="tests.test_dleq" name="test_tampered_partial_decryption_fails_dleq_verification" time="0.001" /><testcase classname="tests.test_shamir" name="test_any_threshold_subset_reconstructs_secret" time="0.000" /><testcase classname="tests.test_shamir" name="test_feldman_commitments_reject_corrupted_share" time="0.001" /><testcase classname="tests.test_serialization" name="test_audit_request_encoding_matches_independent_golden_layout" time="0.000" /><testcase classname="tests.test_serialization" name="test_partial_response_round_trips_and_binds_request_hash" time="0.000" /><testcase classname="tests.test_serialization" name="test_decoder_rejects_trailing_bytes_wrong_kind_and_noncanonical_integer" time="0.000" /><testcase classname="tests.test_signatures" name="test_public_key_derivation_from_fixed_seed_is_deterministic" time="0.000" /><testcase classname="tests.test_signatures" name="test_signs_exact_canonical_partial_response_bytes" time="0.001" /><testcase classname="tests.test_signatures" name="test_verification_rejects_wrong_message_signature_or_key" time="0.001" /><testcase classname="tests.test_signatures" name="test_context_change_cannot_replay_across_chain_or_contract" time="0.001" /><testcase classname="tests.test_signatures" name="test_key_and_signature_lengths_are_validated" time="0.000" /><testcase classname="tests.test_refresh" name="test_zero_polynomial_refresh_preserves_public_key_and_authorized_opening" time="0.009" /><testcase classname="tests.test_refresh" name="test_old_and_new_partials_cannot_be_mixed_under_refreshed_epoch" time="0.009" /><testcase classname="tests.test_refresh" name="test_refresh_generation_changes_canary_and_proof_context" time="0.004" /><testcase classname="tests.test_protocol" name="test_canary_is_publicly_deterministic_context_separated_and_in_group" time="0.005" /><testcase classname="tests.test_protocol" name="test_audit_produces_objective_invalid_and_nonresponse_evidence" time="0.008" /><testcase classname="tests.test_protocol" name="test_audit_derives_challenge_internally_from_beacon" time="0.006" /><testcase classname="tests.test_protocol" name="test_dispute_decrypts_when_threshold_valid_responses_arrive" time="0.019" /></testsuite></testsuites>